<?xml version="1.0" encoding="UTF-8"?>
<testsuite name="gildedrose.GildedRoseTest" tests="13" skipped="1" failures="0" errors="0" timestamp="2023-10-03T21:28:56" hostname="Steven-Diamante" time="0.031">
  <properties/>
  <testcase name="updateQuality_minimumQualityIsZero_forNormalItem()" classname="gildedrose.GildedRoseTest" time="0.021"/>
  <testcase name="updateQuality_maxesOutAtQualityOf50_forBackStagePasses()" classname="gildedrose.GildedRoseTest" time="0.0"/>
  <testcase name="updateQuality_increasesQualityBy1_forBackStagePasses_whenSellInIsGreaterThan10()" classname="gildedrose.GildedRoseTest" time="0.0"/>
  <testcase name="updateQuality_decreasesQualityBy2_forConjuredItem()" classname="gildedrose.GildedRoseTest" time="0.001">
    <skipped/>
  </testcase>
  <testcase name="updateQuality_increasesQualityBy3_forBackStagePasses_whenSellInIsLessThanOrEqualTo5()" classname="gildedrose.GildedRoseTest" time="0.0"/>
  <testcase name="updateQuality_cannotExceed50Quality_forAgedBrie()" classname="gildedrose.GildedRoseTest" time="0.001"/>
  <testcase name="updateQuality_increasesQualityBy2_forAgedBrie_whenItsSellInDatePasses()" classname="gildedrose.GildedRoseTest" time="0.0"/>
  <testcase name="updateQuality_decreasesToZeroQuality_forBackStagePasses_whenSellInIsLessThanOrEqualToZero()" classname="gildedrose.GildedRoseTest" time="0.001"/>
  <testcase name="updateQuality_doesNotChangeProperties_forSulfuras()" classname="gildedrose.GildedRoseTest" time="0.0"/>
  <testcase name="updateQuality_increasesQualityBy1_forAgedBrie()" classname="gildedrose.GildedRoseTest" time="0.0"/>
  <testcase name="updateQuality_increasesQualityBy2_forBackStagePasses_whenSellInIsGreaterThan5_andLessThan10()" classname="gildedrose.GildedRoseTest" time="0.001"/>
  <testcase name="updateQuality_decreasesQualityBy2_forNormalItem_whenSellByDateHasPassed()" classname="gildedrose.GildedRoseTest" time="0.0"/>
  <testcase name="updateQuality_decreasesQualityBy1_forNormalItem()" classname="gildedrose.GildedRoseTest" time="0.001"/>
  <system-out><![CDATA[]]></system-out>
  <system-err><![CDATA[]]></system-err>
</testsuite>
