<?xml version="1.0" encoding="UTF-8"?>
<testsuite name="fizzbuzz.FizzBuzzTest" tests="2" skipped="0" failures="0" errors="0" timestamp="2023-10-03T21:28:54" hostname="Steven-Diamante" time="0.031">
  <properties/>
  <testcase name="returnsFizzForNumberDivisibleBy3()" classname="fizzbuzz.FizzBuzzTest" time="0.03"/>
  <testcase name="returnsInputAsAStringForNumbersNotDivisibleBy3Or5()" classname="fizzbuzz.FizzBuzzTest" time="0.0"/>
  <system-out><![CDATA[]]></system-out>
  <system-err><![CDATA[]]></system-err>
</testsuite>
